trainable params: 1,703,936 || all params: 1,237,518,336 || trainable%: 0.1377
{'loss': 6.0277, 'grad_norm': 1.596251130104065, 'learning_rate': 4.9e-05, 'epoch': 0.18}
{'loss': 4.3467, 'grad_norm': 0.9095929861068726, 'learning_rate': 9.900000000000001e-05, 'epoch': 0.36}
{'loss': 3.6167, 'grad_norm': 0.44827622175216675, 'learning_rate': 9.89392509294638e-05, 'epoch': 0.53}
{'loss': 3.413, 'grad_norm': 0.6740706562995911, 'learning_rate': 9.571715161021285e-05, 'epoch': 0.71}
{'loss': 3.3179, 'grad_norm': 0.566267192363739, 'learning_rate': 9.04755884758533e-05, 'epoch': 0.89}
{'loss': 3.2928, 'grad_norm': 0.4450484812259674, 'learning_rate': 8.344609710355091e-05, 'epoch': 1.06}
{'loss': 3.2703, 'grad_norm': 0.4786446988582611, 'learning_rate': 7.493919122753874e-05, 'epoch': 1.24}
{'loss': 3.2595, 'grad_norm': 0.7194374799728394, 'learning_rate': 6.533064641541142e-05, 'epoch': 1.42}
{'loss': 3.2434, 'grad_norm': 0.42836081981658936, 'learning_rate': 5.504490093334493e-05, 'epoch': 1.6}
{'loss': 3.2432, 'grad_norm': 0.38076308369636536, 'learning_rate': 4.453630703384942e-05, 'epoch': 1.77}
{'loss': 3.2268, 'grad_norm': 0.4547126591205597, 'learning_rate': 3.426906085295369e-05, 'epoch': 1.95}
{'loss': 3.2139, 'grad_norm': 0.41924697160720825, 'learning_rate': 2.469669747350612e-05, 'epoch': 2.13}
{'loss': 3.2276, 'grad_norm': 0.43545255064964294, 'learning_rate': 1.6242056919195907e-05, 'epoch': 2.31}
{'loss': 3.2172, 'grad_norm': 0.47744718194007874, 'learning_rate': 9.278606041474202e-06, 'epoch': 2.48}
{'loss': 3.2209, 'grad_norm': 0.4260459542274475, 'learning_rate': 4.11394136769554e-06, 'epoch': 2.66}
{'loss': 3.2182, 'grad_norm': 0.40053629875183105, 'learning_rate': 9.762016391969385e-07, 'epoch': 2.84}
{'train_runtime': 948.8309, 'train_samples_per_second': 14.231, 'train_steps_per_second': 0.892, 'train_loss': 3.505927426313396, 'epoch': 3.0}

============================= JOB FEEDBACK =============================

NodeName=uc3n082
Job ID: 380981
Cluster: uc3
User/Group: ma_fisommer/ma_ma
State: COMPLETED (exit code 0)
Nodes: 1
Cores per node: 8
CPU Utilized: 00:15:37
CPU Efficiency: 11.68% of 02:13:44 core-walltime
Job Wall-clock time: 00:16:43
Memory Utilized: 2.89 GB
Memory Efficiency: 1.53% of 188.77 GB (188.77 GB/node)
